INFO:     Started server process [68482]
INFO:     Waiting for application startup.
INFO:     Application startup complete.
INFO:     Uvicorn running on http://0.0.0.0:1234 (Press CTRL+C to quit)
INFO:     127.0.0.1:45730 - "GET /health HTTP/1.1" 200 OK
M	docs/conf.py
M	faker/cli.py
M	faker/config.py
M	faker/documentor.py
M	faker/factory.py
M	faker/generator.py
M	faker/providers/__init__.py
M	faker/providers/address/bn_BD/__init__.py
M	faker/providers/address/cs_CZ/__init__.py
M	faker/providers/address/da_DK/__init__.py
M	faker/providers/address/de_AT/__init__.py
M	faker/providers/address/de_CH/__init__.py
M	faker/providers/address/de_DE/__init__.py
M	faker/providers/address/el_GR/__init__.py
M	faker/providers/address/en_AU/__init__.py
M	faker/providers/address/en_BD/__init__.py
M	faker/providers/address/en_CA/__init__.py
M	faker/providers/address/en_GB/__init__.py
M	faker/providers/address/en_IN/__init__.py
M	faker/providers/address/en_MS/__init__.py
M	faker/providers/address/en_NZ/__init__.py
M	faker/providers/address/en_PH/__init__.py
M	faker/providers/address/en_US/__init__.py
M	faker/providers/address/es_AR/__init__.py
M	faker/providers/address/es_CL/__init__.py
M	faker/providers/address/es_CO/__init__.py
M	faker/providers/address/es_MX/__init__.py
M	faker/providers/address/fa_IR/__init__.py
M	faker/providers/address/fr_CA/__init__.py
M	faker/providers/address/fr_CH/__init__.py
M	faker/providers/address/fr_FR/__init__.py
M	faker/providers/address/hi_IN/__init__.py
M	faker/providers/address/hr_HR/__init__.py
M	faker/providers/address/hu_HU/__init__.py
M	faker/providers/address/hy_AM/__init__.py
M	faker/providers/address/id_ID/__init__.py
M	faker/providers/address/it_IT/__init__.py
M	faker/providers/address/ja_JP/__init__.py
M	faker/providers/address/ko_KR/__init__.py
M	faker/providers/address/ne_NP/__init__.py
M	faker/providers/address/nl_BE/__init__.py
M	faker/providers/address/nl_NL/__init__.py
M	faker/providers/address/no_NO/__init__.py
M	faker/providers/address/pl_PL/__init__.py
M	faker/providers/address/pt_PT/__init__.py
M	faker/providers/address/ro_RO/__init__.py
M	faker/providers/address/ru_RU/__init__.py
M	faker/providers/address/sk_SK/__init__.py
M	faker/providers/address/ta_IN/__init__.py
M	faker/providers/address/th_TH/__init__.py
M	faker/providers/address/uk_UA/__init__.py
M	faker/providers/address/vi_VN/__init__.py
M	faker/providers/address/zh_CN/__init__.py
M	faker/providers/address/zh_TW/__init__.py
M	faker/providers/automotive/__init__.py
M	faker/providers/automotive/ar_JO/__init__.py
M	faker/providers/automotive/ar_SA/__init__.py
M	faker/providers/automotive/de_AT/__init__.py
M	faker/providers/automotive/de_DE/__init__.py
M	faker/providers/automotive/el_GR/__init__.py
M	faker/providers/automotive/en_GB/__init__.py
M	faker/providers/automotive/es_AR/__init__.py
M	faker/providers/automotive/es_CL/__init__.py
M	faker/providers/automotive/es_CO/__init__.py
M	faker/providers/automotive/es_ES/__init__.py
M	faker/providers/automotive/he_IL/__init__.py
M	faker/providers/automotive/nl_NL/__init__.py
M	faker/providers/automotive/ro_RO/__init__.py
M	faker/providers/automotive/ru_RU/__init__.py
M	faker/providers/automotive/sk_SK/__init__.py
M	faker/providers/automotive/th_TH/__init__.py
M	faker/providers/automotive/tr_TR/__init__.py
M	faker/providers/automotive/uk_UA/__init__.py
M	faker/providers/bank/__init__.py
M	faker/providers/bank/en_PH/__init__.py
M	faker/providers/bank/fa_IR/__init__.py
M	faker/providers/bank/nl_BE/__init__.py
M	faker/providers/bank/ru_RU/__init__.py
M	faker/providers/bank/th_TH/__init__.py
M	faker/providers/barcode/en_US/__init__.py
M	faker/providers/color/__init__.py
M	faker/providers/color/color.py
M	faker/providers/color/he_IL/__init__.py
M	faker/providers/color/th_TH/__init__.py
M	faker/providers/company/az_AZ/__init__.py
M	faker/providers/company/bg_BG/__init__.py
M	faker/providers/company/cs_CZ/__init__.py
M	faker/providers/company/da_DK/__init__.py
M	faker/providers/company/de_AT/__init__.py
M	faker/providers/company/de_CH/__init__.py
M	faker/providers/company/de_DE/__init__.py
M	faker/providers/company/en_PH/__init__.py
M	faker/providers/company/es_CL/__init__.py
M	faker/providers/company/es_ES/__init__.py
M	faker/providers/company/es_MX/__init__.py
M	faker/providers/company/fi_FI/__init__.py
M	faker/providers/company/fil_PH/__init__.py
M	faker/providers/company/fr_FR/__init__.py
M	faker/providers/company/hr_HR/__init__.py
M	faker/providers/company/id_ID/__init__.py
M	faker/providers/company/nl_NL/__init__.py
M	faker/providers/company/no_NO/__init__.py
M	faker/providers/company/pl_PL/__init__.py
M	faker/providers/company/ro_RO/__init__.py
M	faker/providers/company/ru_RU/__init__.py
M	faker/providers/company/sk_SK/__init__.py
M	faker/providers/company/sl_SI/__init__.py
M	faker/providers/company/sv_SE/__init__.py
M	faker/providers/company/th_TH/__init__.py
M	faker/providers/company/tr_TR/__init__.py
M	faker/providers/credit_card/__init__.py
M	faker/providers/credit_card/fa_IR/__init__.py
M	faker/providers/credit_card/pt_PT/__init__.py
M	faker/providers/credit_card/ru_RU/__init__.py
M	faker/providers/credit_card/uk_UA/__init__.py
M	faker/providers/date_time/__init__.py
M	faker/providers/date_time/ar_AA/__init__.py
M	faker/providers/date_time/bn_BD/__init__.py
M	faker/providers/date_time/gu_IN/__init__.py
M	faker/providers/date_time/id_ID/__init__.py
M	faker/providers/date_time/ru_RU/__init__.py
M	faker/providers/date_time/ta_IN/__init__.py
M	faker/providers/date_time/th_TH/__init__.py
M	faker/providers/file/__init__.py
M	faker/providers/geo/__init__.py
M	faker/providers/geo/el_GR/__init__.py
M	faker/providers/geo/en_IE/__init__.py
M	faker/providers/geo/tr_TR/__init__.py
M	faker/providers/internet/__init__.py
M	faker/providers/internet/bg_BG/__init__.py
M	faker/providers/internet/bn_BD/__init__.py
M	faker/providers/internet/bs_BA/__init__.py
M	faker/providers/internet/cs_CZ/__init__.py
M	faker/providers/internet/de_AT/__init__.py
M	faker/providers/internet/de_DE/__init__.py
M	faker/providers/internet/el_GR/__init__.py
M	faker/providers/internet/en_AU/__init__.py
M	faker/providers/internet/en_GB/__init__.py
M	faker/providers/internet/en_NZ/__init__.py
M	faker/providers/internet/en_PH/__init__.py
M	faker/providers/internet/fa_IR/__init__.py
M	faker/providers/internet/hu_HU/__init__.py
M	faker/providers/internet/it_IT/__init__.py
M	faker/providers/internet/pl_PL/__init__.py
M	faker/providers/internet/pt_BR/__init__.py
M	faker/providers/internet/ro_RO/__init__.py
M	faker/providers/internet/ru_RU/__init__.py
M	faker/providers/internet/sl_SI/__init__.py
M	faker/providers/internet/sv_SE/__init__.py
M	faker/providers/internet/th_TH/__init__.py
M	faker/providers/internet/tr_TR/__init__.py
M	faker/providers/internet/uk_UA/__init__.py
M	faker/providers/internet/zh_CN/__init__.py
M	faker/providers/isbn/en_US/__init__.py
M	faker/providers/isbn/es_ES/__init__.py
M	faker/providers/isbn/isbn.py
M	faker/providers/job/ja_JP/__init__.py
M	faker/providers/lorem/__init__.py
M	faker/providers/misc/__init__.py
M	faker/providers/passport/__init__.py
M	faker/providers/passport/de_AT/__init__.py
M	faker/providers/passport/en_US/__init__.py
M	faker/providers/passport/ru_RU/__init__.py
M	faker/providers/person/ar_AA/__init__.py
M	faker/providers/person/bg_BG/__init__.py
M	faker/providers/person/bn_BD/__init__.py
M	faker/providers/person/cs_CZ/__init__.py
M	faker/providers/person/da_DK/__init__.py
M	faker/providers/person/de_AT/__init__.py
M	faker/providers/person/de_DE/__init__.py
M	faker/providers/person/de_LI/__init__.py
M	faker/providers/person/de_LU/__init__.py
M	faker/providers/person/en/__init__.py
M	faker/providers/person/en_IN/__init__.py
M	faker/providers/person/en_US/__init__.py
M	faker/providers/person/es_CL/__init__.py
M	faker/providers/person/es_CO/__init__.py
M	faker/providers/person/et_EE/__init__.py
M	faker/providers/person/fa_IR/__init__.py
M	faker/providers/person/fi_FI/__init__.py
M	faker/providers/person/fr_QC/__init__.py
M	faker/providers/person/gu_IN/__init__.py
M	faker/providers/person/hi_IN/__init__.py
M	faker/providers/person/hu_HU/__init__.py
M	faker/providers/person/lt_LT/__init__.py
M	faker/providers/person/lv_LV/__init__.py
M	faker/providers/person/no_NO/__init__.py
M	faker/providers/person/or_IN/__init__.py
M	faker/providers/person/pl_PL/__init__.py
M	faker/providers/person/ru_RU/__init__.py
M	faker/providers/person/sk_SK/__init__.py
M	faker/provHEAD is now at 8b401a7d remove outdated test assertions
iders/person/sw/__init__.py
M	faker/providers/person/th_TH/__init__.py
M	faker/providers/person/tw_GH/__init__.py
M	faker/providers/person/uk_UA/__init__.py
M	faker/providers/person/uz_UZ/__init__.py
M	faker/providers/person/vi_VN/__init__.py
M	faker/providers/person/yo_NG/__init__.py
M	faker/providers/person/zu_ZA/__init__.py
M	faker/providers/phone_number/ar_AE/__init__.py
M	faker/providers/phone_number/ar_JO/__init__.py
M	faker/providers/phone_number/ar_PS/__init__.py
M	faker/providers/phone_number/da_DK/__init__.py
M	faker/providers/phone_number/de_CH/__init__.py
M	faker/providers/phone_number/en_IN/__init__.py
M	faker/providers/phone_number/en_PH/__init__.py
M	faker/providers/phone_number/fi_FI/__init__.py
M	faker/providers/phone_number/hi_IN/__init__.py
M	faker/providers/phone_number/it_IT/__init__.py
M	faker/providers/phone_number/ja_JP/__init__.py
M	faker/providers/phone_number/lt_LT/__init__.py
M	faker/providers/phone_number/lv_LV/__init__.py
M	faker/providers/phone_number/ne_NP/__init__.py
M	faker/providers/phone_number/ta_IN/__init__.py
M	faker/providers/phone_number/zh_TW/__init__.py
M	faker/providers/profile/__init__.py
M	faker/providers/python/__init__.py
M	faker/providers/sbn/__init__.py
M	faker/providers/sbn/sbn.py
M	faker/providers/ssn/bg_BG/__init__.py
M	faker/providers/ssn/bn_BD/__init__.py
M	faker/providers/ssn/cs_CZ/__init__.py
M	faker/providers/ssn/el_GR/__init__.py
M	faker/providers/ssn/en_GB/__init__.py
M	faker/providers/ssn/en_IE/__init__.py
M	faker/providers/ssn/en_US/__init__.py
M	faker/providers/ssn/es_CO/__init__.py
M	faker/providers/ssn/es_ES/__init__.py
M	faker/providers/ssn/es_MX/__init__.py
M	faker/providers/ssn/et_EE/__init__.py
M	faker/providers/ssn/fi_FI/__init__.py
M	faker/providers/ssn/fr_FR/__init__.py
M	faker/providers/ssn/it_IT/__init__.py
M	faker/providers/ssn/lt_LT/__init__.py
M	faker/providers/ssn/lv_LV/__init__.py
M	faker/providers/ssn/no_NO/__init__.py
M	faker/providers/ssn/sv_SE/__init__.py
M	faker/providers/ssn/uk_UA/__init__.py
M	faker/providers/ssn/zh_CN/__init__.py
M	faker/providers/user_agent/__init__.py
M	faker/proxy.py
M	faker/proxy.pyi
M	faker/sphinx/docstring.py
M	faker/sphinx/documentor.py
M	faker/sphinx/validator.py
M	faker/typing.py
M	faker/utils/distribution.py
M	faker/utils/loading.py
M	faker/utils/text.py
M	generate_stubs.py
M	setup.py
M	tests/providers/__init__.py
M	tests/providers/conftest.py
M	tests/providers/test_address.py
M	tests/providers/test_automotive.py
M	tests/providers/test_bank.py
M	tests/providers/test_barcode.py
M	tests/providers/test_color.py
M	tests/providers/test_company.py
M	tests/providers/test_credit_card.py
M	tests/providers/test_currency.py
M	tests/providers/test_date_time.py
M	tests/providers/test_dynamic.py
M	tests/providers/test_enum.py
M	tests/providers/test_geo.py
M	tests/providers/test_internet.py
M	tests/providers/test_isbn.py
M	tests/providers/test_lorem.py
M	tests/providers/test_misc.py
M	tests/providers/test_passport.py
M	tests/providers/test_person.py
M	tests/providers/test_phone_number.py
M	tests/providers/test_python.py
M	tests/providers/test_sbn.py
M	tests/providers/test_ssn.py
M	tests/providers/test_user_agent.py
M	tests/pytest/session_overrides/session_locale/test_autouse_faker_locale.py
M	tests/pytest/session_overrides/session_locale/test_manual_injection.py
M	tests/pytest/test_autouse_faker_locale.py
M	tests/pytest/test_autouse_faker_seed.py
M	tests/pytest/test_manual_injection.py
M	tests/pytest/test_unique_clear.py
M	tests/sphinx/test_docstring.py
M	tests/test_decode.py
M	tests/test_factory.py
M	tests/test_generator.py
M	tests/test_optional.py
M	tests/test_providers_formats.py
M	tests/test_proxy.py
M	tests/test_unique.py
M	tests/utils/test_utils.py
	Set cwd to /weka/oe-adapt-default/saurabhs/repos/open-instruct-3/open_instruct/code/repos/faker and checked out 8b401a7d...
INFO:     127.0.0.1:45740 - "POST /view_file HTTP/1.1" 200 OK
INFO:     Started server process [1714959]
INFO:     Waiting for application startup.
INFO:     Application startup complete.
ERROR:    [Errno 98] error while attempting to bind on address ('0.0.0.0', 1234): address already in use
INFO:     Waiting for application shutdown.
INFO:     Application shutdown complete.
INFO:     Started server process [1634910]
INFO:     Waiting for application startup.
INFO:     Application startup complete.
INFO:     Uvicorn running on http://0.0.0.0:1234 (Press CTRL+C to quit)
INFO:     127.0.0.1:34756 - "GET /health HTTP/1.1" 200 OK
INFO:     127.0.0.1:55662 - "POST / HTTP/1.1" 404 Not Found
INFO:     127.0.0.1:55674 - "POST / HTTP/1.1" 404 Not Found
INFO:     127.0.0.1:55684 - "POST / HTTP/1.1" 404 Not Found
INFO:     127.0.0.1:55690 - "POST / HTTP/1.1" 404 Not Found
INFO:     127.0.0.1:48374 - "POST /view_file HTTP/1.1" 404 Not Found
Cloning into 'starlette'...
Note: switching to 'db5063c2'.

You are in 'detached HEAD' state. You can look around, make experimental
changes and commit them, and you can discard any commits you make in this
state without impacting any branches by switching back to a branch.

If you want to create a new branch to retain commits you create, you may
do so (now or later) by using -c with the switch command. Example:

  git switch -c <new-branch-name>

Or undo this operation with:

  git switch -

Turn off this advice by setting config variable advice.detachedHead to false

HEAD is now at db5063c Bump the python-packages group with 5 updates (#2779)
	Set cwd to /weka/oe-adapt-default/saurabhs/repos/open-instruct-3/open_instruct/code/repos/starlette and checked out db5063c2...
INFO:     127.0.0.1:36264 - "POST /view_file HTTP/1.1" 200 OK
INFO:     127.0.0.1:56326 - "POST / HTTP/1.1" 404 Not Found
INFO:     127.0.0.1:56334 - "POST / HTTP/1.1" 404 Not Found
INFO:     127.0.0.1:56340 - "POST / HTTP/1.1" 404 Not Found
INFO:     127.0.0.1:56352 - "POST / HTTP/1.1" 404 Not Found
INFO:     127.0.0.1:40190 - "GET /health HTTP/1.1" 200 OK
INFO:     127.0.0.1:49352 - "GET / HTTP/1.1" 404 Not Found
INFO:     127.0.0.1:49362 - "POST /view HTTP/1.1" 404 Not Found
INFO:     127.0.0.1:58446 - "POST /code_view HTTP/1.1" 404 Not Found
INFO:     127.0.0.1:47920 - "POST /file HTTP/1.1" 404 Not Found
INFO:     127.0.0.1:47922 - "GET /docs HTTP/1.1" 200 OK
HEAD is now at db5063c Bump the python-packages group with 5 updates (#2779)
	Set cwd to /weka/oe-adapt-default/saurabhs/repos/open-instruct-3/open_instruct/code/repos/starlette and checked out db5063c2...
INFO:     127.0.0.1:53812 - "POST /view_file HTTP/1.1" 200 OK
HEAD is now at db5063c Bump the python-packages group with 5 updates (#2779)
	Set cwd to /weka/oe-adapt-default/saurabhs/repos/open-instruct-3/open_instruct/code/repos/starlette and checked out db5063c2...
INFO:     127.0.0.1:53824 - "POST /view_file HTTP/1.1" 200 OK
HEAD is now at db5063c Bump the python-packages group with 5 updates (#2779)
	Set cwd to /weka/oe-adapt-default/saurabhs/repos/open-instruct-3/open_instruct/code/repos/starlette and checked out db5063c2...
INFO:     127.0.0.1:53832 - "POST /view_file HTTP/1.1" 200 OK
HEAD is now at db5063c Bump the python-packages group with 5 updates (#2779)
	Set cwd to /weka/oe-adapt-default/saurabhs/repos/open-instruct-3/open_instruct/code/repos/starlette and checked out db5063c2...
INFO:     127.0.0.1:53844 - "POST /view_file HTTP/1.1" 200 OK
INFO:     Started server process [280915]
INFO:     Waiting for application startup.
INFO:     Application startup complete.
INFO:     Uvicorn running on http://0.0.0.0:1234 (Press CTRL+C to quit)
INFO:     Started server process [883898]
INFO:     Waiting for application startup.
INFO:     Application startup complete.
INFO:     Uvicorn running on http://0.0.0.0:1234 (Press CTRL+C to quit)
INFO:     127.0.0.1:48576 - "GET /health HTTP/1.1" 200 OK
INFO:     127.0.0.1:57314 - "GET /health HTTP/1.1" 200 OK
